<?xml version="1.0" encoding="UTF-8"?>
<!-- Generated by org.testng.reporters.JUnitReportReporter -->
<testsuite hostname="LAPTOP-8K912SJ6" failures="1" tests="5" name="RunnerQafox.Ruunerhomepage" time="30.091" errors="0" timestamp="2025-06-30T15:12:04 IST" skipped="0">
  <testcase classname="RunnerQafox.Ruunerhomepage" name="runScenario" time="5.097"/>
  <system-out/>
  <testcase classname="RunnerQafox.Ruunerhomepage" name="runScenario" time="5.212">
    <failure message="expected [Apple1] but found [Apple]" type="java.lang.AssertionError">
      <![CDATA[java.lang.AssertionError: expected [Apple1] but found [Apple]
at org.testng.Assert.fail(Assert.java:110)
at org.testng.Assert.failNotEquals(Assert.java:1577)
at org.testng.Assert.assertEqualsImpl(Assert.java:149)
at org.testng.Assert.assertEquals(Assert.java:131)
at org.testng.Assert.assertEquals(Assert.java:655)
at org.testng.Assert.assertEquals(Assert.java:665)
at StepdefinitionQA.Homepage_stepdef.user_should_able_to_see_brand_name(Homepage_stepdef.java:43)
at âœ½.user should able to see brand name "Apple1"(file:///C:/Javaprogramworkspace/BDDCUCUMBERFRAMEWORK/src/test/resources/AppTest/LoginHomepage.feature:13)
]]>
    </failure>
  </testcase> <!-- runScenario -->
  <system-out/>
  <testcase classname="RunnerQafox.Ruunerhomepage" name="runScenario" time="4.559"/>
  <system-out/>
  <testcase classname="RunnerQafox.Ruunerhomepage" name="runScenario" time="6.210"/>
  <system-out/>
  <testcase classname="RunnerQafox.Ruunerhomepage" name="runScenario" time="9.013"/>
  <system-out/>
</testsuite> <!-- RunnerQafox.Ruunerhomepage -->
